Build started 2011.04.19. 10:56:10.
     1>Project "D:\Munka\FlowDB\FlowDB.vcxproj" on node 2 (build target(s)).
     1>InitializeBuildStatus:
         Creating "Debug\FlowDB.unsuccessfulbuild" because "AlwaysCreate" was specified.
       ClCompile:
         C:\Program Files\Microsoft Visual Studio 10.0\VC\bin\CL.exe /c /Zi /nologo /W3 /WX- /Od /Oy- /D WIN32 /D _DEBUG /D _CONSOLE /Gm /EHsc /RTC1 /MDd /GS /fp:precise /Zc:wchar_t /Zc:forScope /Fo"Debug\\" /Fd"Debug\vc100.pdb" /Gd /TP /analyze- /errorReport:prompt FlowDB.cpp
         FlowDB.cpp
     1>d:\munka\flowdb\flowdb.cpp(21): warning C4700: uninitialized local variable 'rand_ints' used
       ManifestResourceCompile:
         All outputs are up-to-date.
       Link:
         C:\Program Files\Microsoft Visual Studio 10.0\VC\bin\link.exe /ERRORREPORT:PROMPT /OUT:"D:\Munka\FlowDB\Debug_Win32\FlowDB.exe" /INCREMENTAL /NOLOGO kernel32.lib user32.lib gdi32.lib winspool.lib comdlg32.lib advapi32.lib shell32.lib ole32.lib oleaut32.lib uuid.lib odbc32.lib odbccp32.lib /MANIFEST /ManifestFile:"Debug\FlowDB.exe.intermediate.manifest" /MANIFESTUAC:"level='asInvoker' uiAccess='false'" /DEBUG /PDB:"D:\Munka\FlowDB\Debug_Win32\FlowDB.pdb" /SUBSYSTEM:CONSOLE /TLBID:1 /DYNAMICBASE /NXCOMPAT /IMPLIB:"D:\Munka\FlowDB\Debug_Win32\FlowDB.lib" /MACHINE:X86 Debug\FlowDB.exe.embed.manifest.res
         Debug\FlowDB.obj
         Debug\mem.obj
     1>FlowDB.obj : error LNK2005: "void * __cdecl mmap(void *,unsigned int,int,int,int,long)" (?mmap@@YAPAXPAXIHHHJ@Z) already defined in mem.obj
     1>FlowDB.obj : error LNK2005: "int __cdecl munmap(void *,unsigned int)" (?munmap@@YAHPAXI@Z) already defined in mem.obj
     1>mem.obj : error LNK2005: "void * __cdecl mmap(void *,unsigned int,int,int,int,long)" (?mmap@@YAPAXPAXIHHHJ@Z) already defined in FlowDB.obj
     1>mem.obj : error LNK2005: "int __cdecl munmap(void *,unsigned int)" (?munmap@@YAHPAXI@Z) already defined in FlowDB.obj
     1>D:\Munka\FlowDB\Debug_Win32\FlowDB.exe : fatal error LNK1169: one or more multiply defined symbols found
     1>Done Building Project "D:\Munka\FlowDB\FlowDB.vcxproj" (build target(s)) -- FAILED.

Build FAILED.

Time Elapsed 00:00:01.24
